<?xml version="1.0" encoding="UTF-8"?>
<!-- Generated by org.testng.reporters.JUnitXMLReporter -->
<testsuite hostname="DESKTOP-UMU6LBG" ignored="0" name="Default test(failed)" tests="6" failures="0" timestamp="11 Jun 2019 23:58:39 GMT" time="6.99" errors="0">
  <testcase name="f" time="0.299" classname="test_browser.NewTest_dataProvider"/>
  <testcase name="f" time="0.201" classname="test_browser.NewTest_dataProvider"/>
  <testcase name="f" time="0.21" classname="test_browser.NewTest_dataProvider"/>
  <testcase name="f" time="0.235" classname="test_browser.NewTest_dataProvider"/>
  <testcase name="f" time="0.277" classname="test_browser.NewTest_dataProvider"/>
  <testcase name="f" time="0.305" classname="test_browser.NewTest_dataProvider"/>
</testsuite> <!-- Default test(failed) -->
