<?xml version="1.0" encoding="UTF-8"?>
<!-- Generated by org.testng.reporters.JUnitXMLReporter -->
<testsuite hostname="DESKTOP-UMU6LBG" ignored="0" name="Default test" tests="6" failures="0" timestamp="10 Jun 2019 19:19:40 GMT" time="6.119" errors="0">
  <testcase name="f" time="0.249" classname="test_browser.NewTest_dataProvider"/>
  <testcase name="f" time="0.202" classname="test_browser.NewTest_dataProvider"/>
  <testcase name="f" time="0.194" classname="test_browser.NewTest_dataProvider"/>
  <testcase name="f" time="0.212" classname="test_browser.NewTest_dataProvider"/>
  <testcase name="f" time="0.252" classname="test_browser.NewTest_dataProvider"/>
  <testcase name="f" time="0.246" classname="test_browser.NewTest_dataProvider"/>
</testsuite> <!-- Default test -->
